<?xml version='1.0' encoding='UTF-8' ?>
<testsuite errors="0" failures="0" hostname="ustwo-ldn-alex-fish-macpro-9.local" name="ValidatorUnitTests" tests="1" time="0.0" timestamp="Wed Feb 22 16:43:04 +0000 2012"><testcase classname='ValidatorUnitTests' name='testValidator' time='0.0' />
</testsuite>
